/*C12*/SET SCHEMA PUBLIC
DELETE FROM TODOTASKS WHERE ID=1
COMMIT
INSERT INTO TODOTASKS VALUES(2,'Buy some apple juice',0,'2016-04-21 10:51:04.873000',NULL)
COMMIT
DELETE FROM TODOTASKS WHERE ID=0
COMMIT
DISCONNECT
/*C13*/SET SCHEMA PUBLIC
DISCONNECT
/*C14*/SET SCHEMA PUBLIC
DISCONNECT
/*C15*/SET SCHEMA PUBLIC
DISCONNECT
/*C16*/SET SCHEMA PUBLIC
DISCONNECT
/*C17*/SET SCHEMA PUBLIC
DISCONNECT
/*C18*/SET SCHEMA PUBLIC
DISCONNECT
/*C19*/SET SCHEMA PUBLIC
DISCONNECT
/*C20*/SET SCHEMA PUBLIC
DISCONNECT
/*C21*/SET SCHEMA PUBLIC
DISCONNECT
